#
# A fatal error has been detected by the Java Runtime Environment:
#
#  EXCEPTION_ACCESS_VIOLATION (0xc0000005) at pc=0x000000006ee76520, pid=17880, tid=12532
#
# JRE version: Java(TM) SE Runtime Environment 18.9 (11.0.10+8) (build 11.0.10+8-LTS-162)
# Java VM: Java HotSpot(TM) 64-Bit Server VM 18.9 (11.0.10+8-LTS-162, mixed mode, tiered, compressed oops, g1 gc, windows-amd64)
# Problematic frame:
# C  [xuggle9675601431052873861.dll+0x736520]
#
# No core dump will be written. Minidumps are not enabled by default on client versions of Windows
#
# If you would like to submit a bug report, please visit:
#   https://bugreport.java.com/bugreport/crash.jsp
# The crash happened outside the Java Virtual Machine in native code.
# See problematic frame for where to report the bug.
#

---------------  S U M M A R Y ------------

Command Line: -agentlib:jdwp=transport=dt_socket,address=127.0.0.1:4422,suspend=y,server=n -javaagent:D:\java\IntelliJ-IDEA-2020.1\plugins\java\lib\rt\debugger-agent.jar -Dfile.encoding=UTF-8 com.itblare.itools.Test

Host: Intel(R) Core(TM) i7-7700HQ CPU @ 2.80GHz, 8 cores, 15G,  Windows 10 , 64 bit Build 19041 (10.0.19041.928)
Time: Wed Apr 21 10:14:36 2021 中国标准时间 elapsed time: 175.816237 seconds (0d 0h 2m 55s)

---------------  T H R E A D  ---------------

Current thread (0x000002254f77e000):  JavaThread "main" [_thread_in_native, id=12532, stack(0x000000a6c6b00000,0x000000a6c6c00000)]

Stack: [0x000000a6c6b00000,0x000000a6c6c00000],  sp=0x000000a6c6bfe240,  free space=1016k
Native frames: (J=compiled Java code, j=interpreted, Vv=VM code, C=native code)
C  [xuggle9675601431052873861.dll+0x736520]

Java frames: (J=compiled Java code, j=interpreted, Vv=VM code)
j  com.xuggle.xuggler.XugglerJNI.IContainer_open__SWIG_0(JLcom/xuggle/xuggler/IContainer;Ljava/lang/String;IJLcom/xuggle/xuggler/IContainerFormat;)I+0
j  com.xuggle.xuggler.IContainer.open(Ljava/lang/String;Lcom/xuggle/xuggler/IContainer$Type;Lcom/xuggle/xuggler/IContainerFormat;)I+15
j  com.itblare.itools.Test.main([Ljava/lang/String;)V+22
v  ~StubRoutines::call_stub

siginfo: EXCEPTION_ACCESS_VIOLATION (0xc0000005), reading address 0xffffffffffffffff


Register to memory mapping:

RIP=0x000000006ee76520 xuggle9675601431052873861.dll
RAX=0x0000022574c88e50 points into unknown readable memory: 72 7c 59 bd b9 74 0a 43
RBX=0x00000225752a0120 points into unknown readable memory: 2a 00 00 00 00 00 00 00
RCX=0x0000022574c88e50 points into unknown readable memory: 72 7c 59 bd b9 74 0a 43
RDX=0x0000000000000009 is an unknown value
RSP=0x000000a6c6bfe240 is pointing into the stack for thread: 0x000002254f77e000
RBP=0x0000022574c88590 points into unknown readable memory: 80 02 cf 74 25 02 00 00
RSI=0x0000022574c89e50 points into unknown readable memory: 09 00 00 00 01 00 00 00
RDI=0x0000000000000004 is an unknown value
R8 =0x000000006ee77580 xuggle9675601431052873861.dll
R9 =0x000000006ee76490 xuggle9675601431052873861.dll
R10=0x0000022574bfd230 points into unknown readable memory: 04 00 84 01 c4 00 64 01
R11=0x0000022574c1a4d0 points into unknown readable memory: 2d f3 b4 bc bb 64 b4 bc
R12=0x0000022574c1acd0 points into unknown readable memory: b8 16 b5 bc 9e a4 b5 bc
R13=0x0000000000000004 is an unknown value
R14=0x0000000000000184 is an unknown value
R15=0x000000006fab8f20 xuggle9675601431052873861.dll


Registers:
RAX=0x0000022574c88e50, RBX=0x00000225752a0120, RCX=0x0000022574c88e50, RDX=0x0000000000000009
RSP=0x000000a6c6bfe240, RBP=0x0000022574c88590, RSI=0x0000022574c89e50, RDI=0x0000000000000004
R8 =0x000000006ee77580, R9 =0x000000006ee76490, R10=0x0000022574bfd230, R11=0x0000022574c1a4d0
R12=0x0000022574c1acd0, R13=0x0000000000000004, R14=0x0000000000000184, R15=0x000000006fab8f20
RIP=0x000000006ee76520, EFLAGS=0x0000000000010202

Top of Stack: (sp=0x000000a6c6bfe240)
0x000000a6c6bfe240:   000000006ee76665 000000006ee774c5
0x000000a6c6bfe250:   000000006ee77505 000000006ee77545
0x000000a6c6bfe260:   000000006ee77585 000000006ee79426
0x000000a6c6bfe270:   000000006fa67a80 0000022574c88e50
0x000000a6c6bfe280:   00000225752a25e0 000000070f30ac48
0x000000a6c6bfe290:   3fe0000000000000 0000000000000000
0x000000a6c6bfe2a0:   40c7760000000000 0000000000000000
0x000000a6c6bfe2b0:   3fe0000000000000 0000000000000001
0x000000a6c6bfe2c0:   00000225752a35e0 000000006ea45d24
0x000000a6c6bfe2d0:   3f40624dd2f1a9fc 0000000000000000
0x000000a6c6bfe2e0:   0000000000000000 0000000000000000
0x000000a6c6bfe2f0:   0000000000000000 0000000000000000
0x000000a6c6bfe300:   00000225752ac4e0 000000006fab7320
0x000000a6c6bfe310:   0000000000000000 00000225752a0080
0x000000a6c6bfe320:   0000000000000001 0000022574c88590
0x000000a6c6bfe330:   0000022574c88610 0000000000000000 

Instructions: (pc=0x000000006ee76520)
0x000000006ee76500:   c4 e3 5d 0c c0 55 c5 e4 5c c8 c5 e4 58 c0 c5 fc
0x000000006ee76510:   29 01 c5 fc 29 49 20 c3 0f 1f 84 00 00 00 00 00
0x000000006ee76520:   c5 fc 28 51 40 c5 fc 28 59 60 c5 ec 5c fb c5 ec
0x000000006ee76530:   58 d3 c5 c4 57 3d 26 41 84 00 c5 ec c6 df be c5 


Stack slot to memory mapping:
stack at sp + 0 slots: 0x000000006ee76665 xuggle9675601431052873861.dll
stack at sp + 1 slots: 0x000000006ee774c5 xuggle9675601431052873861.dll
stack at sp + 2 slots: 0x000000006ee77505 xuggle9675601431052873861.dll
stack at sp + 3 slots: 0x000000006ee77545 xuggle9675601431052873861.dll
stack at sp + 4 slots: 0x000000006ee77585 xuggle9675601431052873861.dll
stack at sp + 5 slots: 0x000000006ee79426 xuggle9675601431052873861.dll
stack at sp + 6 slots: 0x000000006fa67a80 xuggle9675601431052873861.dll
stack at sp + 7 slots: 0x0000022574c88e50 points into unknown readable memory: 72 7c 59 bd b9 74 0a 43


---------------  P R O C E S S  ---------------

Threads class SMR info:
_java_thread_list=0x00000225741141a0, length=13, elements={
0x000002254f77e000, 0x0000022573253000, 0x0000022573255000, 0x0000022573b70000,
0x0000022573b72000, 0x0000022573b73000, 0x000002257327e800, 0x0000022573b80800,
0x0000022573c35800, 0x0000022573e26800, 0x0000022573ea4000, 0x0000022573dda000,
0x0000022573fab000
}

Java Threads: ( => current thread )
=>0x000002254f77e000 JavaThread "main" [_thread_in_native, id=12532, stack(0x000000a6c6b00000,0x000000a6c6c00000)]
  0x0000022573253000 JavaThread "Reference Handler" daemon [_thread_blocked, id=18444, stack(0x000000a6c7200000,0x000000a6c7300000)]
  0x0000022573255000 JavaThread "Finalizer" daemon [_thread_blocked, id=10360, stack(0x000000a6c7300000,0x000000a6c7400000)]
  0x0000022573b70000 JavaThread "Signal Dispatcher" daemon [_thread_blocked, id=18112, stack(0x000000a6c7400000,0x000000a6c7500000)]
  0x0000022573b72000 JavaThread "Attach Listener" daemon [_thread_blocked, id=5640, stack(0x000000a6c7500000,0x000000a6c7600000)]
  0x0000022573b73000 JavaThread "C2 CompilerThread0" daemon [_thread_blocked, id=2360, stack(0x000000a6c7600000,0x000000a6c7700000)]
  0x000002257327e800 JavaThread "C1 CompilerThread0" daemon [_thread_blocked, id=6652, stack(0x000000a6c7700000,0x000000a6c7800000)]
  0x0000022573b80800 JavaThread "Sweeper thread" daemon [_thread_blocked, id=10148, stack(0x000000a6c7800000,0x000000a6c7900000)]
  0x0000022573c35800 JavaThread "Common-Cleaner" daemon [_thread_blocked, id=5688, stack(0x000000a6c7900000,0x000000a6c7a00000)]
  0x0000022573e26800 JavaThread "JDWP Transport Listener: dt_socket" daemon [_thread_blocked, id=13660, stack(0x000000a6c7b00000,0x000000a6c7c00000)]
  0x0000022573ea4000 JavaThread "JDWP Event Helper Thread" daemon [_thread_blocked, id=9688, stack(0x000000a6c7c00000,0x000000a6c7d00000)]
  0x0000022573dda000 JavaThread "JDWP Command Reader" daemon [_thread_in_native, id=18760, stack(0x000000a6c7d00000,0x000000a6c7e00000)]
  0x0000022573fab000 JavaThread "Service Thread" daemon [_thread_blocked, id=8200, stack(0x000000a6c7e00000,0x000000a6c7f00000)]

Other Threads:
  0x0000022573279800 VMThread "VM Thread" [stack: 0x000000a6c7100000,0x000000a6c7200000] [id=14736]
  0x0000022573f1e000 WatcherThread [stack: 0x000000a6c7f00000,0x000000a6c8000000] [id=10368]
  0x000002254f792000 GCTaskThread "GC Thread#0" [stack: 0x000000a6c6c00000,0x000000a6c6d00000] [id=9968]
  0x0000022573fe7800 GCTaskThread "GC Thread#1" [stack: 0x000000a6c8000000,0x000000a6c8100000] [id=10896]
  0x0000022574080800 GCTaskThread "GC Thread#2" [stack: 0x000000a6c8100000,0x000000a6c8200000] [id=16204]
  0x0000022573ee8800 GCTaskThread "GC Thread#3" [stack: 0x000000a6c8200000,0x000000a6c8300000] [id=8420]
  0x0000022573fa8800 GCTaskThread "GC Thread#4" [stack: 0x000000a6c8300000,0x000000a6c8400000] [id=5968]
  0x0000022574116000 GCTaskThread "GC Thread#5" [stack: 0x000000a6c8400000,0x000000a6c8500000] [id=16892]
  0x000002254f7ef000 ConcurrentGCThread "G1 Main Marker" [stack: 0x000000a6c6d00000,0x000000a6c6e00000] [id=16980]
  0x000002254f7f1800 ConcurrentGCThread "G1 Conc#0" [stack: 0x000000a6c6e00000,0x000000a6c6f00000] [id=9268]
  0x0000022573131000 ConcurrentGCThread "G1 Refine#0" [stack: 0x000000a6c6f00000,0x000000a6c7000000] [id=18556]
  0x0000022573134000 ConcurrentGCThread "G1 Young RemSet Sampling" [stack: 0x000000a6c7000000,0x000000a6c7100000] [id=13968]

Threads with active compile tasks:

VM state:not at safepoint (normal execution)

VM Mutex/Monitor currently owned by a thread: None

Heap address: 0x0000000700c00000, size: 4084 MB, Compressed Oops mode: Zero based, Oop shift amount: 3
Narrow klass base: 0x0000000800000000, Narrow klass shift: 0
Compressed class space size: 1073741824 Address: 0x0000000800000000

Heap:
 garbage-first heap   total 262144K, used 27591K [0x0000000700c00000, 0x0000000800000000)
  region size 1024K, 26 young (26624K), 3 survivors (3072K)
 Metaspace       used 9884K, capacity 10012K, committed 10240K, reserved 1058816K
  class space    used 904K, capacity 937K, committed 1024K, reserved 1048576K
Heap Regions: E=young(eden), S=young(survivor), O=old, HS=humongous(starts), HC=humongous(continues), CS=collection set, F=free, A=archive, TAMS=top-at-mark-start (previous, next)
|   0|0x0000000700c00000, 0x0000000700d00000, 0x0000000700d00000|100%|HS|  |TAMS 0x0000000700c00000, 0x0000000700c00000| Complete 
|   1|0x0000000700d00000, 0x0000000700e00000, 0x0000000700e00000|100%|HC|  |TAMS 0x0000000700d00000, 0x0000000700d00000| Complete 
|   2|0x0000000700e00000, 0x0000000700ef1c00, 0x0000000700f00000| 94%| O|  |TAMS 0x0000000700e00000, 0x0000000700e00000| Untracked 
|   3|0x0000000700f00000, 0x0000000700f00000, 0x0000000701000000|  0%| F|  |TAMS 0x0000000700f00000, 0x0000000700f00000| Untracked 
|   4|0x0000000701000000, 0x0000000701000000, 0x0000000701100000|  0%| F|  |TAMS 0x0000000701000000, 0x0000000701000000| Untracked 
|   5|0x0000000701100000, 0x0000000701100000, 0x0000000701200000|  0%| F|  |TAMS 0x0000000701100000, 0x0000000701100000| Untracked 
|   6|0x0000000701200000, 0x0000000701200000, 0x0000000701300000|  0%| F|  |TAMS 0x0000000701200000, 0x0000000701200000| Untracked 
|   7|0x0000000701300000, 0x0000000701300000, 0x0000000701400000|  0%| F|  |TAMS 0x0000000701300000, 0x0000000701300000| Untracked 
|   8|0x0000000701400000, 0x0000000701400000, 0x0000000701500000|  0%| F|  |TAMS 0x0000000701400000, 0x0000000701400000| Untracked 
|   9|0x0000000701500000, 0x0000000701500000, 0x0000000701600000|  0%| F|  |TAMS 0x0000000701500000, 0x0000000701500000| Untracked 
|  10|0x0000000701600000, 0x0000000701600000, 0x0000000701700000|  0%| F|  |TAMS 0x0000000701600000, 0x0000000701600000| Untracked 
|  11|0x0000000701700000, 0x0000000701700000, 0x0000000701800000|  0%| F|  |TAMS 0x0000000701700000, 0x0000000701700000| Untracked 
|  12|0x0000000701800000, 0x0000000701800000, 0x0000000701900000|  0%| F|  |TAMS 0x0000000701800000, 0x0000000701800000| Untracked 
|  13|0x0000000701900000, 0x0000000701900000, 0x0000000701a00000|  0%| F|  |TAMS 0x0000000701900000, 0x0000000701900000| Untracked 
|  14|0x0000000701a00000, 0x0000000701a00000, 0x0000000701b00000|  0%| F|  |TAMS 0x0000000701a00000, 0x0000000701a00000| Untracked 
|  15|0x0000000701b00000, 0x0000000701b00000, 0x0000000701c00000|  0%| F|  |TAMS 0x0000000701b00000, 0x0000000701b00000| Untracked 
|  16|0x0000000701c00000, 0x0000000701c00000, 0x0000000701d00000|  0%| F|  |TAMS 0x0000000701c00000, 0x0000000701c00000| Untracked 
|  17|0x0000000701d00000, 0x0000000701d00000, 0x0000000701e00000|  0%| F|  |TAMS 0x0000000701d00000, 0x0000000701d00000| Untracked 
|  18|0x0000000701e00000, 0x0000000701e00000, 0x0000000701f00000|  0%| F|  |TAMS 0x0000000701e00000, 0x0000000701e00000| Untracked 
|  19|0x0000000701f00000, 0x0000000701f00000, 0x0000000702000000|  0%| F|  |TAMS 0x0000000701f00000, 0x0000000701f00000| Untracked 
|  20|0x0000000702000000, 0x0000000702000000, 0x0000000702100000|  0%| F|  |TAMS 0x0000000702000000, 0x0000000702000000| Untracked 
|  21|0x0000000702100000, 0x0000000702100000, 0x0000000702200000|  0%| F|  |TAMS 0x0000000702100000, 0x0000000702100000| Untracked 
|  22|0x0000000702200000, 0x0000000702200000, 0x0000000702300000|  0%| F|  |TAMS 0x0000000702200000, 0x0000000702200000| Untracked 
|  23|0x0000000702300000, 0x0000000702300000, 0x0000000702400000|  0%| F|  |TAMS 0x0000000702300000, 0x0000000702300000| Untracked 
|  24|0x0000000702400000, 0x0000000702400000, 0x0000000702500000|  0%| F|  |TAMS 0x0000000702400000, 0x0000000702400000| Untracked 
|  25|0x0000000702500000, 0x0000000702500000, 0x0000000702600000|  0%| F|  |TAMS 0x0000000702500000, 0x0000000702500000| Untracked 
|  26|0x0000000702600000, 0x0000000702600000, 0x0000000702700000|  0%| F|  |TAMS 0x0000000702600000, 0x0000000702600000| Untracked 
|  27|0x0000000702700000, 0x0000000702700000, 0x0000000702800000|  0%| F|  |TAMS 0x0000000702700000, 0x0000000702700000| Untracked 
|  28|0x0000000702800000, 0x0000000702800000, 0x0000000702900000|  0%| F|  |TAMS 0x0000000702800000, 0x0000000702800000| Untracked 
|  29|0x0000000702900000, 0x0000000702900000, 0x0000000702a00000|  0%| F|  |TAMS 0x0000000702900000, 0x0000000702900000| Untracked 
|  30|0x0000000702a00000, 0x0000000702a00000, 0x0000000702b00000|  0%| F|  |TAMS 0x0000000702a00000, 0x0000000702a00000| Untracked 
|  31|0x0000000702b00000, 0x0000000702b00000, 0x0000000702c00000|  0%| F|  |TAMS 0x0000000702b00000, 0x0000000702b00000| Untracked 
|  32|0x0000000702c00000, 0x0000000702c00000, 0x0000000702d00000|  0%| F|  |TAMS 0x0000000702c00000, 0x0000000702c00000| Untracked 
|  33|0x0000000702d00000, 0x0000000702d00000, 0x0000000702e00000|  0%| F|  |TAMS 0x0000000702d00000, 0x0000000702d00000| Untracked 
|  34|0x0000000702e00000, 0x0000000702e00000, 0x0000000702f00000|  0%| F|  |TAMS 0x0000000702e00000, 0x0000000702e00000| Untracked 
|  35|0x0000000702f00000, 0x0000000702f00000, 0x0000000703000000|  0%| F|  |TAMS 0x0000000702f00000, 0x0000000702f00000| Untracked 
|  36|0x0000000703000000, 0x0000000703000000, 0x0000000703100000|  0%| F|  |TAMS 0x0000000703000000, 0x0000000703000000| Untracked 
|  37|0x0000000703100000, 0x0000000703100000, 0x0000000703200000|  0%| F|  |TAMS 0x0000000703100000, 0x0000000703100000| Untracked 
|  38|0x0000000703200000, 0x0000000703200000, 0x0000000703300000|  0%| F|  |TAMS 0x0000000703200000, 0x0000000703200000| Untracked 
|  39|0x0000000703300000, 0x0000000703300000, 0x0000000703400000|  0%| F|  |TAMS 0x0000000703300000, 0x0000000703300000| Untracked 
|  40|0x0000000703400000, 0x0000000703400000, 0x0000000703500000|  0%| F|  |TAMS 0x0000000703400000, 0x0000000703400000| Untracked 
|  41|0x0000000703500000, 0x0000000703500000, 0x0000000703600000|  0%| F|  |TAMS 0x0000000703500000, 0x0000000703500000| Untracked 
|  42|0x0000000703600000, 0x0000000703600000, 0x0000000703700000|  0%| F|  |TAMS 0x0000000703600000, 0x0000000703600000| Untracked 
|  43|0x0000000703700000, 0x0000000703700000, 0x0000000703800000|  0%| F|  |TAMS 0x0000000703700000, 0x0000000703700000| Untracked 
|  44|0x0000000703800000, 0x0000000703800000, 0x0000000703900000|  0%| F|  |TAMS 0x0000000703800000, 0x0000000703800000| Untracked 
|  45|0x0000000703900000, 0x0000000703900000, 0x0000000703a00000|  0%| F|  |TAMS 0x0000000703900000, 0x0000000703900000| Untracked 
|  46|0x0000000703a00000, 0x0000000703a00000, 0x0000000703b00000|  0%| F|  |TAMS 0x0000000703a00000, 0x0000000703a00000| Untracked 
|  47|0x0000000703b00000, 0x0000000703b00000, 0x0000000703c00000|  0%| F|  |TAMS 0x0000000703b00000, 0x0000000703b00000| Untracked 
|  48|0x0000000703c00000, 0x0000000703c00000, 0x0000000703d00000|  0%| F|  |TAMS 0x0000000703c00000, 0x0000000703c00000| Untracked 
|  49|0x0000000703d00000, 0x0000000703d00000, 0x0000000703e00000|  0%| F|  |TAMS 0x0000000703d00000, 0x0000000703d00000| Untracked 
|  50|0x0000000703e00000, 0x0000000703e00000, 0x0000000703f00000|  0%| F|  |TAMS 0x0000000703e00000, 0x0000000703e00000| Untracked 
|  51|0x0000000703f00000, 0x0000000703f00000, 0x0000000704000000|  0%| F|  |TAMS 0x0000000703f00000, 0x0000000703f00000| Untracked 
|  52|0x0000000704000000, 0x0000000704000000, 0x0000000704100000|  0%| F|  |TAMS 0x0000000704000000, 0x0000000704000000| Untracked 
|  53|0x0000000704100000, 0x0000000704100000, 0x0000000704200000|  0%| F|  |TAMS 0x0000000704100000, 0x0000000704100000| Untracked 
|  54|0x0000000704200000, 0x0000000704200000, 0x0000000704300000|  0%| F|  |TAMS 0x0000000704200000, 0x0000000704200000| Untracked 
|  55|0x0000000704300000, 0x0000000704300000, 0x0000000704400000|  0%| F|  |TAMS 0x0000000704300000, 0x0000000704300000| Untracked 
|  56|0x0000000704400000, 0x0000000704400000, 0x0000000704500000|  0%| F|  |TAMS 0x0000000704400000, 0x0000000704400000| Untracked 
|  57|0x0000000704500000, 0x0000000704500000, 0x0000000704600000|  0%| F|  |TAMS 0x0000000704500000, 0x0000000704500000| Untracked 
|  58|0x0000000704600000, 0x0000000704600000, 0x0000000704700000|  0%| F|  |TAMS 0x0000000704600000, 0x0000000704600000| Untracked 
|  59|0x0000000704700000, 0x0000000704700000, 0x0000000704800000|  0%| F|  |TAMS 0x0000000704700000, 0x0000000704700000| Untracked 
|  60|0x0000000704800000, 0x0000000704800000, 0x0000000704900000|  0%| F|  |TAMS 0x0000000704800000, 0x0000000704800000| Untracked 
|  61|0x0000000704900000, 0x0000000704900000, 0x0000000704a00000|  0%| F|  |TAMS 0x0000000704900000, 0x0000000704900000| Untracked 
|  62|0x0000000704a00000, 0x0000000704a00000, 0x0000000704b00000|  0%| F|  |TAMS 0x0000000704a00000, 0x0000000704a00000| Untracked 
|  63|0x0000000704b00000, 0x0000000704b00000, 0x0000000704c00000|  0%| F|  |TAMS 0x0000000704b00000, 0x0000000704b00000| Untracked 
|  64|0x0000000704c00000, 0x0000000704c00000, 0x0000000704d00000|  0%| F|  |TAMS 0x0000000704c00000, 0x0000000704c00000| Untracked 
|  65|0x0000000704d00000, 0x0000000704d00000, 0x0000000704e00000|  0%| F|  |TAMS 0x0000000704d00000, 0x0000000704d00000| Untracked 
|  66|0x0000000704e00000, 0x0000000704e00000, 0x0000000704f00000|  0%| F|  |TAMS 0x0000000704e00000, 0x0000000704e00000| Untracked 
|  67|0x0000000704f00000, 0x0000000704f00000, 0x0000000705000000|  0%| F|  |TAMS 0x0000000704f00000, 0x0000000704f00000| Untracked 
|  68|0x0000000705000000, 0x0000000705000000, 0x0000000705100000|  0%| F|  |TAMS 0x0000000705000000, 0x0000000705000000| Untracked 
|  69|0x0000000705100000, 0x0000000705100000, 0x0000000705200000|  0%| F|  |TAMS 0x0000000705100000, 0x0000000705100000| Untracked 
|  70|0x0000000705200000, 0x0000000705200000, 0x0000000705300000|  0%| F|  |TAMS 0x0000000705200000, 0x0000000705200000| Untracked 
|  71|0x0000000705300000, 0x0000000705300000, 0x0000000705400000|  0%| F|  |TAMS 0x0000000705300000, 0x0000000705300000| Untracked 
|  72|0x0000000705400000, 0x0000000705400000, 0x0000000705500000|  0%| F|  |TAMS 0x0000000705400000, 0x0000000705400000| Untracked 
|  73|0x0000000705500000, 0x0000000705500000, 0x0000000705600000|  0%| F|  |TAMS 0x0000000705500000, 0x0000000705500000| Untracked 
|  74|0x0000000705600000, 0x0000000705600000, 0x0000000705700000|  0%| F|  |TAMS 0x0000000705600000, 0x0000000705600000| Untracked 
|  75|0x0000000705700000, 0x0000000705700000, 0x0000000705800000|  0%| F|  |TAMS 0x0000000705700000, 0x0000000705700000| Untracked 
|  76|0x0000000705800000, 0x0000000705800000, 0x0000000705900000|  0%| F|  |TAMS 0x0000000705800000, 0x0000000705800000| Untracked 
|  77|0x0000000705900000, 0x0000000705900000, 0x0000000705a00000|  0%| F|  |TAMS 0x0000000705900000, 0x0000000705900000| Untracked 
|  78|0x0000000705a00000, 0x0000000705a00000, 0x0000000705b00000|  0%| F|  |TAMS 0x0000000705a00000, 0x0000000705a00000| Untracked 
|  79|0x0000000705b00000, 0x0000000705b00000, 0x0000000705c00000|  0%| F|  |TAMS 0x0000000705b00000, 0x0000000705b00000| Untracked 
|  80|0x0000000705c00000, 0x0000000705c00000, 0x0000000705d00000|  0%| F|  |TAMS 0x0000000705c00000, 0x0000000705c00000| Untracked 
|  81|0x0000000705d00000, 0x0000000705d00000, 0x0000000705e00000|  0%| F|  |TAMS 0x0000000705d00000, 0x0000000705d00000| Untracked 
|  82|0x0000000705e00000, 0x0000000705e00000, 0x0000000705f00000|  0%| F|  |TAMS 0x0000000705e00000, 0x0000000705e00000| Untracked 
|  83|0x0000000705f00000, 0x0000000705f00000, 0x0000000706000000|  0%| F|  |TAMS 0x0000000705f00000, 0x0000000705f00000| Untracked 
|  84|0x0000000706000000, 0x0000000706000000, 0x0000000706100000|  0%| F|  |TAMS 0x0000000706000000, 0x0000000706000000| Untracked 
|  85|0x0000000706100000, 0x0000000706100000, 0x0000000706200000|  0%| F|  |TAMS 0x0000000706100000, 0x0000000706100000| Untracked 
|  86|0x0000000706200000, 0x0000000706200000, 0x0000000706300000|  0%| F|  |TAMS 0x0000000706200000, 0x0000000706200000| Untracked 
|  87|0x0000000706300000, 0x0000000706300000, 0x0000000706400000|  0%| F|  |TAMS 0x0000000706300000, 0x0000000706300000| Untracked 
|  88|0x0000000706400000, 0x0000000706400000, 0x0000000706500000|  0%| F|  |TAMS 0x0000000706400000, 0x0000000706400000| Untracked 
|  89|0x0000000706500000, 0x0000000706500000, 0x0000000706600000|  0%| F|  |TAMS 0x0000000706500000, 0x0000000706500000| Untracked 
|  90|0x0000000706600000, 0x0000000706600000, 0x0000000706700000|  0%| F|  |TAMS 0x0000000706600000, 0x0000000706600000| Untracked 
|  91|0x0000000706700000, 0x0000000706700000, 0x0000000706800000|  0%| F|  |TAMS 0x0000000706700000, 0x0000000706700000| Untracked 
|  92|0x0000000706800000, 0x0000000706800000, 0x0000000706900000|  0%| F|  |TAMS 0x0000000706800000, 0x0000000706800000| Untracked 
|  93|0x0000000706900000, 0x0000000706900000, 0x0000000706a00000|  0%| F|  |TAMS 0x0000000706900000, 0x0000000706900000| Untracked 
|  94|0x0000000706a00000, 0x0000000706a00000, 0x0000000706b00000|  0%| F|  |TAMS 0x0000000706a00000, 0x0000000706a00000| Untracked 
|  95|0x0000000706b00000, 0x0000000706b00000, 0x0000000706c00000|  0%| F|  |TAMS 0x0000000706b00000, 0x0000000706b00000| Untracked 
|  96|0x0000000706c00000, 0x0000000706c00000, 0x0000000706d00000|  0%| F|  |TAMS 0x0000000706c00000, 0x0000000706c00000| Untracked 
|  97|0x0000000706d00000, 0x0000000706d00000, 0x0000000706e00000|  0%| F|  |TAMS 0x0000000706d00000, 0x0000000706d00000| Untracked 
|  98|0x0000000706e00000, 0x0000000706e00000, 0x0000000706f00000|  0%| F|  |TAMS 0x0000000706e00000, 0x0000000706e00000| Untracked 
|  99|0x0000000706f00000, 0x0000000706f00000, 0x0000000707000000|  0%| F|  |TAMS 0x0000000706f00000, 0x0000000706f00000| Untracked 
| 100|0x0000000707000000, 0x0000000707000000, 0x0000000707100000|  0%| F|  |TAMS 0x0000000707000000, 0x0000000707000000| Untracked 
| 101|0x0000000707100000, 0x0000000707100000, 0x0000000707200000|  0%| F|  |TAMS 0x0000000707100000, 0x0000000707100000| Untracked 
| 102|0x0000000707200000, 0x0000000707200000, 0x0000000707300000|  0%| F|  |TAMS 0x0000000707200000, 0x0000000707200000| Untracked 
| 103|0x0000000707300000, 0x0000000707300000, 0x0000000707400000|  0%| F|  |TAMS 0x0000000707300000, 0x0000000707300000| Untracked 
| 104|0x0000000707400000, 0x0000000707400000, 0x0000000707500000|  0%| F|  |TAMS 0x0000000707400000, 0x0000000707400000| Untracked 
| 105|0x0000000707500000, 0x0000000707500000, 0x0000000707600000|  0%| F|  |TAMS 0x0000000707500000, 0x0000000707500000| Untracked 
| 106|0x0000000707600000, 0x0000000707600000, 0x0000000707700000|  0%| F|  |TAMS 0x0000000707600000, 0x0000000707600000| Untracked 
| 107|0x0000000707700000, 0x0000000707700000, 0x0000000707800000|  0%| F|  |TAMS 0x0000000707700000, 0x0000000707700000| Untracked 
| 108|0x0000000707800000, 0x0000000707800000, 0x0000000707900000|  0%| F|  |TAMS 0x0000000707800000, 0x0000000707800000| Untracked 
| 109|0x0000000707900000, 0x0000000707900000, 0x0000000707a00000|  0%| F|  |TAMS 0x0000000707900000, 0x0000000707900000| Untracked 
| 110|0x0000000707a00000, 0x0000000707a00000, 0x0000000707b00000|  0%| F|  |TAMS 0x0000000707a00000, 0x0000000707a00000| Untracked 
| 111|0x0000000707b00000, 0x0000000707b00000, 0x0000000707c00000|  0%| F|  |TAMS 0x0000000707b00000, 0x0000000707b00000| Untracked 
| 112|0x0000000707c00000, 0x0000000707c00000, 0x0000000707d00000|  0%| F|  |TAMS 0x0000000707c00000, 0x0000000707c00000| Untracked 
| 113|0x0000000707d00000, 0x0000000707d00000, 0x0000000707e00000|  0%| F|  |TAMS 0x0000000707d00000, 0x0000000707d00000| Untracked 
| 114|0x0000000707e00000, 0x0000000707e00000, 0x0000000707f00000|  0%| F|  |TAMS 0x0000000707e00000, 0x0000000707e00000| Untracked 
| 115|0x0000000707f00000, 0x0000000707f00000, 0x0000000708000000|  0%| F|  |TAMS 0x0000000707f00000, 0x0000000707f00000| Untracked 
| 116|0x0000000708000000, 0x0000000708000000, 0x0000000708100000|  0%| F|  |TAMS 0x0000000708000000, 0x0000000708000000| Untracked 
| 117|0x0000000708100000, 0x0000000708100000, 0x0000000708200000|  0%| F|  |TAMS 0x0000000708100000, 0x0000000708100000| Untracked 
| 118|0x0000000708200000, 0x0000000708200000, 0x0000000708300000|  0%| F|  |TAMS 0x0000000708200000, 0x0000000708200000| Untracked 
| 119|0x0000000708300000, 0x0000000708300000, 0x0000000708400000|  0%| F|  |TAMS 0x0000000708300000, 0x0000000708300000| Untracked 
| 120|0x0000000708400000, 0x0000000708400000, 0x0000000708500000|  0%| F|  |TAMS 0x0000000708400000, 0x0000000708400000| Untracked 
| 121|0x0000000708500000, 0x0000000708500000, 0x0000000708600000|  0%| F|  |TAMS 0x0000000708500000, 0x0000000708500000| Untracked 
| 122|0x0000000708600000, 0x0000000708600000, 0x0000000708700000|  0%| F|  |TAMS 0x0000000708600000, 0x0000000708600000| Untracked 
| 123|0x0000000708700000, 0x0000000708700000, 0x0000000708800000|  0%| F|  |TAMS 0x0000000708700000, 0x0000000708700000| Untracked 
| 124|0x0000000708800000, 0x0000000708800000, 0x0000000708900000|  0%| F|  |TAMS 0x0000000708800000, 0x0000000708800000| Untracked 
| 125|0x0000000708900000, 0x0000000708900000, 0x0000000708a00000|  0%| F|  |TAMS 0x0000000708900000, 0x0000000708900000| Untracked 
| 126|0x0000000708a00000, 0x0000000708a00000, 0x0000000708b00000|  0%| F|  |TAMS 0x0000000708a00000, 0x0000000708a00000| Untracked 
| 127|0x0000000708b00000, 0x0000000708b00000, 0x0000000708c00000|  0%| F|  |TAMS 0x0000000708b00000, 0x0000000708b00000| Untracked 
| 128|0x0000000708c00000, 0x0000000708c00000, 0x0000000708d00000|  0%| F|  |TAMS 0x0000000708c00000, 0x0000000708c00000| Untracked 
| 129|0x0000000708d00000, 0x0000000708d00000, 0x0000000708e00000|  0%| F|  |TAMS 0x0000000708d00000, 0x0000000708d00000| Untracked 
| 130|0x0000000708e00000, 0x0000000708e00000, 0x0000000708f00000|  0%| F|  |TAMS 0x0000000708e00000, 0x0000000708e00000| Untracked 
| 131|0x0000000708f00000, 0x0000000708f00000, 0x0000000709000000|  0%| F|  |TAMS 0x0000000708f00000, 0x0000000708f00000| Untracked 
| 132|0x0000000709000000, 0x0000000709000000, 0x0000000709100000|  0%| F|  |TAMS 0x0000000709000000, 0x0000000709000000| Untracked 
| 133|0x0000000709100000, 0x0000000709100000, 0x0000000709200000|  0%| F|  |TAMS 0x0000000709100000, 0x0000000709100000| Untracked 
| 134|0x0000000709200000, 0x0000000709200000, 0x0000000709300000|  0%| F|  |TAMS 0x0000000709200000, 0x0000000709200000| Untracked 
| 135|0x0000000709300000, 0x0000000709300000, 0x0000000709400000|  0%| F|  |TAMS 0x0000000709300000, 0x0000000709300000| Untracked 
| 136|0x0000000709400000, 0x0000000709400000, 0x0000000709500000|  0%| F|  |TAMS 0x0000000709400000, 0x0000000709400000| Untracked 
| 137|0x0000000709500000, 0x0000000709500000, 0x0000000709600000|  0%| F|  |TAMS 0x0000000709500000, 0x0000000709500000| Untracked 
| 138|0x0000000709600000, 0x0000000709600000, 0x0000000709700000|  0%| F|  |TAMS 0x0000000709600000, 0x0000000709600000| Untracked 
| 139|0x0000000709700000, 0x0000000709700000, 0x0000000709800000|  0%| F|  |TAMS 0x0000000709700000, 0x0000000709700000| Untracked 
| 140|0x0000000709800000, 0x0000000709800000, 0x0000000709900000|  0%| F|  |TAMS 0x0000000709800000, 0x0000000709800000| Untracked 
| 141|0x0000000709900000, 0x0000000709900000, 0x0000000709a00000|  0%| F|  |TAMS 0x0000000709900000, 0x0000000709900000| Untracked 
| 142|0x0000000709a00000, 0x0000000709a00000, 0x0000000709b00000|  0%| F|  |TAMS 0x0000000709a00000, 0x0000000709a00000| Untracked 
| 143|0x0000000709b00000, 0x0000000709b00000, 0x0000000709c00000|  0%| F|  |TAMS 0x0000000709b00000, 0x0000000709b00000| Untracked 
| 144|0x0000000709c00000, 0x0000000709c00000, 0x0000000709d00000|  0%| F|  |TAMS 0x0000000709c00000, 0x0000000709c00000| Untracked 
| 145|0x0000000709d00000, 0x0000000709d00000, 0x0000000709e00000|  0%| F|  |TAMS 0x0000000709d00000, 0x0000000709d00000| Untracked 
| 146|0x0000000709e00000, 0x0000000709e00000, 0x0000000709f00000|  0%| F|  |TAMS 0x0000000709e00000, 0x0000000709e00000| Untracked 
| 147|0x0000000709f00000, 0x0000000709f00000, 0x000000070a000000|  0%| F|  |TAMS 0x0000000709f00000, 0x0000000709f00000| Untracked 
| 148|0x000000070a000000, 0x000000070a000000, 0x000000070a100000|  0%| F|  |TAMS 0x000000070a000000, 0x000000070a000000| Untracked 
| 149|0x000000070a100000, 0x000000070a100000, 0x000000070a200000|  0%| F|  |TAMS 0x000000070a100000, 0x000000070a100000| Untracked 
| 150|0x000000070a200000, 0x000000070a200000, 0x000000070a300000|  0%| F|  |TAMS 0x000000070a200000, 0x000000070a200000| Untracked 
| 151|0x000000070a300000, 0x000000070a300000, 0x000000070a400000|  0%| F|  |TAMS 0x000000070a300000, 0x000000070a300000| Untracked 
| 152|0x000000070a400000, 0x000000070a400000, 0x000000070a500000|  0%| F|  |TAMS 0x000000070a400000, 0x000000070a400000| Untracked 
| 153|0x000000070a500000, 0x000000070a500000, 0x000000070a600000|  0%| F|  |TAMS 0x000000070a500000, 0x000000070a500000| Untracked 
| 154|0x000000070a600000, 0x000000070a600000, 0x000000070a700000|  0%| F|  |TAMS 0x000000070a600000, 0x000000070a600000| Untracked 
| 155|0x000000070a700000, 0x000000070a700000, 0x000000070a800000|  0%| F|  |TAMS 0x000000070a700000, 0x000000070a700000| Untracked 
| 156|0x000000070a800000, 0x000000070a800000, 0x000000070a900000|  0%| F|  |TAMS 0x000000070a800000, 0x000000070a800000| Untracked 
| 157|0x000000070a900000, 0x000000070a900000, 0x000000070aa00000|  0%| F|  |TAMS 0x000000070a900000, 0x000000070a900000| Untracked 
| 158|0x000000070aa00000, 0x000000070aa00000, 0x000000070ab00000|  0%| F|  |TAMS 0x000000070aa00000, 0x000000070aa00000| Untracked 
| 159|0x000000070ab00000, 0x000000070ab00000, 0x000000070ac00000|  0%| F|  |TAMS 0x000000070ab00000, 0x000000070ab00000| Untracked 
| 160|0x000000070ac00000, 0x000000070ac00000, 0x000000070ad00000|  0%| F|  |TAMS 0x000000070ac00000, 0x000000070ac00000| Untracked 
| 161|0x000000070ad00000, 0x000000070ad00000, 0x000000070ae00000|  0%| F|  |TAMS 0x000000070ad00000, 0x000000070ad00000| Untracked 
| 162|0x000000070ae00000, 0x000000070ae00000, 0x000000070af00000|  0%| F|  |TAMS 0x000000070ae00000, 0x000000070ae00000| Untracked 
| 163|0x000000070af00000, 0x000000070af00000, 0x000000070b000000|  0%| F|  |TAMS 0x000000070af00000, 0x000000070af00000| Untracked 
| 164|0x000000070b000000, 0x000000070b000000, 0x000000070b100000|  0%| F|  |TAMS 0x000000070b000000, 0x000000070b000000| Untracked 
| 165|0x000000070b100000, 0x000000070b100000, 0x000000070b200000|  0%| F|  |TAMS 0x000000070b100000, 0x000000070b100000| Untracked 
| 166|0x000000070b200000, 0x000000070b200000, 0x000000070b300000|  0%| F|  |TAMS 0x000000070b200000, 0x000000070b200000| Untracked 
| 167|0x000000070b300000, 0x000000070b300000, 0x000000070b400000|  0%| F|  |TAMS 0x000000070b300000, 0x000000070b300000| Untracked 
| 168|0x000000070b400000, 0x000000070b400000, 0x000000070b500000|  0%| F|  |TAMS 0x000000070b400000, 0x000000070b400000| Untracked 
| 169|0x000000070b500000, 0x000000070b500000, 0x000000070b600000|  0%| F|  |TAMS 0x000000070b500000, 0x000000070b500000| Untracked 
| 170|0x000000070b600000, 0x000000070b600000, 0x000000070b700000|  0%| F|  |TAMS 0x000000070b600000, 0x000000070b600000| Untracked 
| 171|0x000000070b700000, 0x000000070b700000, 0x000000070b800000|  0%| F|  |TAMS 0x000000070b700000, 0x000000070b700000| Untracked 
| 172|0x000000070b800000, 0x000000070b800000, 0x000000070b900000|  0%| F|  |TAMS 0x000000070b800000, 0x000000070b800000| Untracked 
| 173|0x000000070b900000, 0x000000070b900000, 0x000000070ba00000|  0%| F|  |TAMS 0x000000070b900000, 0x000000070b900000| Untracked 
| 174|0x000000070ba00000, 0x000000070ba00000, 0x000000070bb00000|  0%| F|  |TAMS 0x000000070ba00000, 0x000000070ba00000| Untracked 
| 175|0x000000070bb00000, 0x000000070bb00000, 0x000000070bc00000|  0%| F|  |TAMS 0x000000070bb00000, 0x000000070bb00000| Untracked 
| 176|0x000000070bc00000, 0x000000070bc00000, 0x000000070bd00000|  0%| F|  |TAMS 0x000000070bc00000, 0x000000070bc00000| Untracked 
| 177|0x000000070bd00000, 0x000000070bd00000, 0x000000070be00000|  0%| F|  |TAMS 0x000000070bd00000, 0x000000070bd00000| Untracked 
| 178|0x000000070be00000, 0x000000070be00000, 0x000000070bf00000|  0%| F|  |TAMS 0x000000070be00000, 0x000000070be00000| Untracked 
| 179|0x000000070bf00000, 0x000000070bf00000, 0x000000070c000000|  0%| F|  |TAMS 0x000000070bf00000, 0x000000070bf00000| Untracked 
| 180|0x000000070c000000, 0x000000070c000000, 0x000000070c100000|  0%| F|  |TAMS 0x000000070c000000, 0x000000070c000000| Untracked 
| 181|0x000000070c100000, 0x000000070c100000, 0x000000070c200000|  0%| F|  |TAMS 0x000000070c100000, 0x000000070c100000| Untracked 
| 182|0x000000070c200000, 0x000000070c200000, 0x000000070c300000|  0%| F|  |TAMS 0x000000070c200000, 0x000000070c200000| Untracked 
| 183|0x000000070c300000, 0x000000070c300000, 0x000000070c400000|  0%| F|  |TAMS 0x000000070c300000, 0x000000070c300000| Untracked 
| 184|0x000000070c400000, 0x000000070c400000, 0x000000070c500000|  0%| F|  |TAMS 0x000000070c400000, 0x000000070c400000| Untracked 
| 185|0x000000070c500000, 0x000000070c500000, 0x000000070c600000|  0%| F|  |TAMS 0x000000070c500000, 0x000000070c500000| Untracked 
| 186|0x000000070c600000, 0x000000070c600000, 0x000000070c700000|  0%| F|  |TAMS 0x000000070c600000, 0x000000070c600000| Untracked 
| 187|0x000000070c700000, 0x000000070c700000, 0x000000070c800000|  0%| F|  |TAMS 0x000000070c700000, 0x000000070c700000| Untracked 
| 188|0x000000070c800000, 0x000000070c800000, 0x000000070c900000|  0%| F|  |TAMS 0x000000070c800000, 0x000000070c800000| Untracked 
| 189|0x000000070c900000, 0x000000070c900000, 0x000000070ca00000|  0%| F|  |TAMS 0x000000070c900000, 0x000000070c900000| Untracked 
| 190|0x000000070ca00000, 0x000000070ca00000, 0x000000070cb00000|  0%| F|  |TAMS 0x000000070ca00000, 0x000000070ca00000| Untracked 
| 191|0x000000070cb00000, 0x000000070cb00000, 0x000000070cc00000|  0%| F|  |TAMS 0x000000070cb00000, 0x000000070cb00000| Untracked 
| 192|0x000000070cc00000, 0x000000070cc00000, 0x000000070cd00000|  0%| F|  |TAMS 0x000000070cc00000, 0x000000070cc00000| Untracked 
| 193|0x000000070cd00000, 0x000000070cd00000, 0x000000070ce00000|  0%| F|  |TAMS 0x000000070cd00000, 0x000000070cd00000| Untracked 
| 194|0x000000070ce00000, 0x000000070ce00000, 0x000000070cf00000|  0%| F|  |TAMS 0x000000070ce00000, 0x000000070ce00000| Untracked 
| 195|0x000000070cf00000, 0x000000070cf00000, 0x000000070d000000|  0%| F|  |TAMS 0x000000070cf00000, 0x000000070cf00000| Untracked 
| 196|0x000000070d000000, 0x000000070d000000, 0x000000070d100000|  0%| F|  |TAMS 0x000000070d000000, 0x000000070d000000| Untracked 
| 197|0x000000070d100000, 0x000000070d100000, 0x000000070d200000|  0%| F|  |TAMS 0x000000070d100000, 0x000000070d100000| Untracked 
| 198|0x000000070d200000, 0x000000070d200000, 0x000000070d300000|  0%| F|  |TAMS 0x000000070d200000, 0x000000070d200000| Untracked 
| 199|0x000000070d300000, 0x000000070d300000, 0x000000070d400000|  0%| F|  |TAMS 0x000000070d300000, 0x000000070d300000| Untracked 
| 200|0x000000070d400000, 0x000000070d400000, 0x000000070d500000|  0%| F|  |TAMS 0x000000070d400000, 0x000000070d400000| Untracked 
| 201|0x000000070d500000, 0x000000070d500000, 0x000000070d600000|  0%| F|  |TAMS 0x000000070d500000, 0x000000070d500000| Untracked 
| 202|0x000000070d600000, 0x000000070d600000, 0x000000070d700000|  0%| F|  |TAMS 0x000000070d600000, 0x000000070d600000| Untracked 
| 203|0x000000070d700000, 0x000000070d700000, 0x000000070d800000|  0%| F|  |TAMS 0x000000070d700000, 0x000000070d700000| Untracked 
| 204|0x000000070d800000, 0x000000070d800000, 0x000000070d900000|  0%| F|  |TAMS 0x000000070d800000, 0x000000070d800000| Untracked 
| 205|0x000000070d900000, 0x000000070d900000, 0x000000070da00000|  0%| F|  |TAMS 0x000000070d900000, 0x000000070d900000| Untracked 
| 206|0x000000070da00000, 0x000000070da00000, 0x000000070db00000|  0%| F|  |TAMS 0x000000070da00000, 0x000000070da00000| Untracked 
| 207|0x000000070db00000, 0x000000070db00000, 0x000000070dc00000|  0%| F|  |TAMS 0x000000070db00000, 0x000000070db00000| Untracked 
| 208|0x000000070dc00000, 0x000000070dc00000, 0x000000070dd00000|  0%| F|  |TAMS 0x000000070dc00000, 0x000000070dc00000| Untracked 
| 209|0x000000070dd00000, 0x000000070dd00000, 0x000000070de00000|  0%| F|  |TAMS 0x000000070dd00000, 0x000000070dd00000| Untracked 
| 210|0x000000070de00000, 0x000000070de00000, 0x000000070df00000|  0%| F|  |TAMS 0x000000070de00000, 0x000000070de00000| Untracked 
| 211|0x000000070df00000, 0x000000070df00000, 0x000000070e000000|  0%| F|  |TAMS 0x000000070df00000, 0x000000070df00000| Untracked 
| 212|0x000000070e000000, 0x000000070e000000, 0x000000070e100000|  0%| F|  |TAMS 0x000000070e000000, 0x000000070e000000| Untracked 
| 213|0x000000070e100000, 0x000000070e100000, 0x000000070e200000|  0%| F|  |TAMS 0x000000070e100000, 0x000000070e100000| Untracked 
| 214|0x000000070e200000, 0x000000070e200000, 0x000000070e300000|  0%| F|  |TAMS 0x000000070e200000, 0x000000070e200000| Untracked 
| 215|0x000000070e300000, 0x000000070e300000, 0x000000070e400000|  0%| F|  |TAMS 0x000000070e300000, 0x000000070e300000| Untracked 
| 216|0x000000070e400000, 0x000000070e400000, 0x000000070e500000|  0%| F|  |TAMS 0x000000070e400000, 0x000000070e400000| Untracked 
| 217|0x000000070e500000, 0x000000070e500000, 0x000000070e600000|  0%| F|  |TAMS 0x000000070e500000, 0x000000070e500000| Untracked 
| 218|0x000000070e600000, 0x000000070e600000, 0x000000070e700000|  0%| F|  |TAMS 0x000000070e600000, 0x000000070e600000| Untracked 
| 219|0x000000070e700000, 0x000000070e700000, 0x000000070e800000|  0%| F|  |TAMS 0x000000070e700000, 0x000000070e700000| Untracked 
| 220|0x000000070e800000, 0x000000070e800000, 0x000000070e900000|  0%| F|  |TAMS 0x000000070e800000, 0x000000070e800000| Untracked 
| 221|0x000000070e900000, 0x000000070e900000, 0x000000070ea00000|  0%| F|  |TAMS 0x000000070e900000, 0x000000070e900000| Untracked 
| 222|0x000000070ea00000, 0x000000070ea00000, 0x000000070eb00000|  0%| F|  |TAMS 0x000000070ea00000, 0x000000070ea00000| Untracked 
| 223|0x000000070eb00000, 0x000000070eb00000, 0x000000070ec00000|  0%| F|  |TAMS 0x000000070eb00000, 0x000000070eb00000| Untracked 
| 224|0x000000070ec00000, 0x000000070ec00000, 0x000000070ed00000|  0%| F|  |TAMS 0x000000070ec00000, 0x000000070ec00000| Untracked 
| 225|0x000000070ed00000, 0x000000070ed00000, 0x000000070ee00000|  0%| F|  |TAMS 0x000000070ed00000, 0x000000070ed00000| Untracked 
| 226|0x000000070ee00000, 0x000000070ee00000, 0x000000070ef00000|  0%| F|  |TAMS 0x000000070ee00000, 0x000000070ee00000| Untracked 
| 227|0x000000070ef00000, 0x000000070ef00000, 0x000000070f000000|  0%| F|  |TAMS 0x000000070ef00000, 0x000000070ef00000| Untracked 
| 228|0x000000070f000000, 0x000000070f000000, 0x000000070f100000|  0%| F|  |TAMS 0x000000070f000000, 0x000000070f000000| Untracked 
| 229|0x000000070f100000, 0x000000070f200000, 0x000000070f200000|100%| S|CS|TAMS 0x000000070f100000, 0x000000070f100000| Complete 
| 230|0x000000070f200000, 0x000000070f300000, 0x000000070f300000|100%| S|CS|TAMS 0x000000070f200000, 0x000000070f200000| Complete 
| 231|0x000000070f300000, 0x000000070f400000, 0x000000070f400000|100%| S|CS|TAMS 0x000000070f300000, 0x000000070f300000| Complete 
| 232|0x000000070f400000, 0x000000070f400000, 0x000000070f500000|  0%| F|  |TAMS 0x000000070f400000, 0x000000070f400000| Untracked 
| 233|0x000000070f500000, 0x000000070f600000, 0x000000070f600000|100%| E|  |TAMS 0x000000070f500000, 0x000000070f500000| Complete 
| 234|0x000000070f600000, 0x000000070f700000, 0x000000070f700000|100%| E|CS|TAMS 0x000000070f600000, 0x000000070f600000| Complete 
| 235|0x000000070f700000, 0x000000070f800000, 0x000000070f800000|100%| E|CS|TAMS 0x000000070f700000, 0x000000070f700000| Complete 
| 236|0x000000070f800000, 0x000000070f900000, 0x000000070f900000|100%| E|CS|TAMS 0x000000070f800000, 0x000000070f800000| Complete 
| 237|0x000000070f900000, 0x000000070fa00000, 0x000000070fa00000|100%| E|  |TAMS 0x000000070f900000, 0x000000070f900000| Complete 
| 238|0x000000070fa00000, 0x000000070fb00000, 0x000000070fb00000|100%| E|CS|TAMS 0x000000070fa00000, 0x000000070fa00000| Complete 
| 239|0x000000070fb00000, 0x000000070fc00000, 0x000000070fc00000|100%| E|CS|TAMS 0x000000070fb00000, 0x000000070fb00000| Complete 
| 240|0x000000070fc00000, 0x000000070fd00000, 0x000000070fd00000|100%| E|CS|TAMS 0x000000070fc00000, 0x000000070fc00000| Complete 
| 241|0x000000070fd00000, 0x000000070fe00000, 0x000000070fe00000|100%| E|CS|TAMS 0x000000070fd00000, 0x000000070fd00000| Complete 
| 242|0x000000070fe00000, 0x000000070ff00000, 0x000000070ff00000|100%| E|CS|TAMS 0x000000070fe00000, 0x000000070fe00000| Complete 
| 243|0x000000070ff00000, 0x0000000710000000, 0x0000000710000000|100%| E|CS|TAMS 0x000000070ff00000, 0x000000070ff00000| Complete 
| 244|0x0000000710000000, 0x0000000710100000, 0x0000000710100000|100%| E|CS|TAMS 0x0000000710000000, 0x0000000710000000| Complete 
| 245|0x0000000710100000, 0x0000000710200000, 0x0000000710200000|100%| E|CS|TAMS 0x0000000710100000, 0x0000000710100000| Complete 
| 246|0x0000000710200000, 0x0000000710300000, 0x0000000710300000|100%| E|CS|TAMS 0x0000000710200000, 0x0000000710200000| Complete 
| 247|0x0000000710300000, 0x0000000710400000, 0x0000000710400000|100%| E|CS|TAMS 0x0000000710300000, 0x0000000710300000| Complete 
| 248|0x0000000710400000, 0x0000000710500000, 0x0000000710500000|100%| E|CS|TAMS 0x0000000710400000, 0x0000000710400000| Complete 
| 249|0x0000000710500000, 0x0000000710600000, 0x0000000710600000|100%| E|CS|TAMS 0x0000000710500000, 0x0000000710500000| Complete 
| 250|0x0000000710600000, 0x0000000710700000, 0x0000000710700000|100%| E|CS|TAMS 0x0000000710600000, 0x0000000710600000| Complete 
| 251|0x0000000710700000, 0x0000000710800000, 0x0000000710800000|100%| E|CS|TAMS 0x0000000710700000, 0x0000000710700000| Complete 
| 252|0x0000000710800000, 0x0000000710900000, 0x0000000710900000|100%| E|CS|TAMS 0x0000000710800000, 0x0000000710800000| Complete 
| 253|0x0000000710900000, 0x0000000710a00000, 0x0000000710a00000|100%| E|CS|TAMS 0x0000000710900000, 0x0000000710900000| Complete 
| 254|0x0000000710a00000, 0x0000000710b00000, 0x0000000710b00000|100%| E|CS|TAMS 0x0000000710a00000, 0x0000000710a00000| Complete 
| 255|0x0000000710b00000, 0x0000000710c00000, 0x0000000710c00000|100%| E|CS|TAMS 0x0000000710b00000, 0x0000000710b00000| Complete 

Card table byte_map: [0x0000022567740000,0x0000022567f40000] _byte_map_base: 0x0000022563f3a000

Marking Bits (Prev, Next): (CMBitMap*) 0x000002254f7dd5d8, (CMBitMap*) 0x000002254f7dd610
 Prev Bits: [0x0000022568740000, 0x000002256c710000)
 Next Bits: [0x000002256c710000, 0x00000225706e0000)

Polling page: 0x000002254ef60000

Metaspace:

Usage:
  Non-class:      8.86 MB capacity,     8.77 MB ( 99%) used,    87.62 KB ( <1%) free+waste,     7.69 KB ( <1%) overhead. 
      Class:    937.00 KB capacity,   904.91 KB ( 97%) used,    28.97 KB (  3%) free+waste,     3.13 KB ( <1%) overhead. 
       Both:      9.78 MB capacity,     9.65 MB ( 99%) used,   116.59 KB (  1%) free+waste,    10.81 KB ( <1%) overhead. 

Virtual space:
  Non-class space:       10.00 MB reserved,       9.00 MB ( 90%) committed 
      Class space:        1.00 GB reserved,       1.00 MB ( <1%) committed 
             Both:        1.01 GB reserved,      10.00 MB ( <1%) committed 

Chunk freelists:
   Non-Class:  1.63 KB
       Class:  2.88 KB
        Both:  4.50 KB

CodeHeap 'non-profiled nmethods': size=120000Kb used=105Kb max_used=105Kb free=119894Kb
 bounds [0x000002255f6e0000, 0x000002255f950000, 0x0000022566c10000]
CodeHeap 'profiled nmethods': size=120000Kb used=432Kb max_used=432Kb free=119567Kb
 bounds [0x00000225581b0000, 0x0000022558420000, 0x000002255f6e0000]
CodeHeap 'non-nmethods': size=5760Kb used=1178Kb max_used=1178Kb free=4582Kb
 bounds [0x0000022557c10000, 0x0000022557e80000, 0x00000225581b0000]
 total_blobs=741 nmethods=341 adapters=320
 compilation: enabled
              stopped_count=0, restarted_count=0
 full_count=0

Compilation events (10 events):
Event: 0.482 Thread 0x000002257327e800  326       3       java.util.zip.ZipFile$Source::hash_append (7 bytes)
Event: 0.482 Thread 0x000002257327e800 nmethod 326 0x0000022558219210 code [0x00000225582193a0, 0x0000022558219498]
Event: 0.482 Thread 0x000002257327e800  328       3       java.io.WinNTFileSystem::prefixLength (91 bytes)
Event: 0.484 Thread 0x000002257327e800 nmethod 328 0x0000022558219510 code [0x0000022558219840, 0x000002255821ab78]
Event: 4.427 Thread 0x000002257327e800  329       1       java.lang.invoke.MethodType::ptypes (5 bytes)
Event: 4.427 Thread 0x000002257327e800 nmethod 329 0x000002255f6f8f90 code [0x000002255f6f9120, 0x000002255f6f91d8]
Event: 4.428 Thread 0x000002257327e800  330       3       java.lang.invoke.MethodType$ConcurrentWeakInternSet::expungeStaleElements (27 bytes)
Event: 4.428 Thread 0x000002257327e800 nmethod 330 0x000002255821b310 code [0x000002255821b500, 0x000002255821baf8]
Event: 4.428 Thread 0x000002257327e800  331       3       java.lang.invoke.MethodType::parameterCount (6 bytes)
Event: 4.428 Thread 0x000002257327e800 nmethod 331 0x000002255821bd10 code [0x000002255821bea0, 0x000002255821bfb8]

GC Heap History (2 events):
Event: 4.422 GC heap before
{Heap before GC invocations=0 (full 0):
 garbage-first heap   total 262144K, used 25600K [0x0000000700c00000, 0x0000000800000000)
  region size 1024K, 24 young (24576K), 0 survivors (0K)
 Metaspace       used 7050K, capacity 7199K, committed 7296K, reserved 1056768K
  class space    used 606K, capacity 638K, committed 640K, reserved 1048576K
}
Event: 4.425 GC heap after
{Heap after GC invocations=1 (full 0):
 garbage-first heap   total 262144K, used 6087K [0x0000000700c00000, 0x0000000800000000)
  region size 1024K, 3 young (3072K), 3 survivors (3072K)
 Metaspace       used 7050K, capacity 7199K, committed 7296K, reserved 1056768K
  class space    used 606K, capacity 638K, committed 640K, reserved 1048576K
}

Deoptimization events (1 events):
Event: 0.290 Thread 0x000002254f77e000 Uncommon trap: reason=unstable_if action=reinterpret pc=0x000002255f6e137c method=java.lang.String.isLatin1()Z @ 10 c2

Classes redefined (0 events):
No events

Internal exceptions (10 events):
Event: 0.400 Thread 0x000002254f77e000 Exception <a 'java/security/PrivilegedActionException'{0x000000071029a048}> (0x000000071029a048) thrown at [./open/src/hotspot/share/prims/jvm.cpp, line 1305]
Event: 0.401 Thread 0x000002254f77e000 Exception <a 'java/security/PrivilegedActionException'{0x000000071029ac20}> (0x000000071029ac20) thrown at [./open/src/hotspot/share/prims/jvm.cpp, line 1305]
Event: 0.401 Thread 0x000002254f77e000 Exception <a 'java/security/PrivilegedActionException'{0x000000071029aef0}> (0x000000071029aef0) thrown at [./open/src/hotspot/share/prims/jvm.cpp, line 1305]
Event: 0.401 Thread 0x000002254f77e000 Exception <a 'java/security/PrivilegedActionException'{0x000000071029ba90}> (0x000000071029ba90) thrown at [./open/src/hotspot/share/prims/jvm.cpp, line 1305]
Event: 0.401 Thread 0x000002254f77e000 Exception <a 'java/security/PrivilegedActionException'{0x000000071029bd60}> (0x000000071029bd60) thrown at [./open/src/hotspot/share/prims/jvm.cpp, line 1305]
Event: 0.401 Thread 0x000002254f77e000 Exception <a 'java/security/PrivilegedActionException'{0x000000071029c8f8}> (0x000000071029c8f8) thrown at [./open/src/hotspot/share/prims/jvm.cpp, line 1305]
Event: 0.401 Thread 0x000002254f77e000 Exception <a 'java/security/PrivilegedActionException'{0x000000071029cbc8}> (0x000000071029cbc8) thrown at [./open/src/hotspot/share/prims/jvm.cpp, line 1305]
Event: 3.124 Thread 0x000002254f77e000 Exception <a 'java/lang/NoClassDefFoundError'{0x00000007101f6e50}: org/slf4j/impl/StaticLoggerBinder> (0x00000007101f6e50) thrown at [./open/src/hotspot/share/classfile/systemDictionary.cpp, line 217]
Event: 63.580 Thread 0x000002254f77e000 Exception <a 'java/lang/NoSuchMethodError'{0x000000070f508028}: java.lang.invoke.DirectMethodHandle$Holder.invokeStaticInit(Ljava/lang/Object;IIII)Ljava/lang/Object;> (0x000000070f508028) thrown at [./open/src/hotspot/share/interpreter/linkResolver.cpp, l
Event: 64.446 Thread 0x000002254f77e000 Exception <a 'java/lang/NoSuchMethodError'{0x000000070f54c450}: java.lang.invoke.DirectMethodHandle$Holder.invokeStaticInit(Ljava/lang/Object;Ljava/lang/Object;IIII)Ljava/lang/Object;> (0x000000070f54c450) thrown at [./open/src/hotspot/share/interpreter/l

Events (10 events):
Event: 175.670 Executing VM operation: ChangeBreakpoints
Event: 175.670 Executing VM operation: ChangeBreakpoints done
Event: 175.671 loading class com/xuggle/xuggler/IContainer$Type
Event: 175.671 loading class com/xuggle/xuggler/IContainer$Type done
Event: 175.673 loading class com/xuggle/xuggler/IContainer$Type$SwigNext
Event: 175.673 loading class com/xuggle/xuggler/IContainer$Type$SwigNext done
Event: 175.675 loading class com/xuggle/xuggler/IContainerFormat
Event: 175.675 loading class com/xuggle/xuggler/IContainerFormat done
Event: 175.677 loading class java/lang/UnsupportedOperationException
Event: 175.677 loading class java/lang/UnsupportedOperationException done


Dynamic libraries:
0x00007ff62de80000 - 0x00007ff62de8f000 	D:\java\jdk\jdk-11.0.10\bin\java.exe
0x00007ffddbe90000 - 0x00007ffddc085000 	C:\WINDOWS\SYSTEM32\ntdll.dll
0x00007ffdda3f0000 - 0x00007ffdda4ad000 	C:\WINDOWS\System32\KERNEL32.DLL
0x00007ffdd96e0000 - 0x00007ffdd99a8000 	C:\WINDOWS\System32\KERNELBASE.dll
0x00007ffdd9c10000 - 0x00007ffdd9d10000 	C:\WINDOWS\System32\ucrtbase.dll
0x00007ffdd2a80000 - 0x00007ffdd2a95000 	D:\java\jdk\jdk-11.0.10\bin\VCRUNTIME140.dll
0x00007ffdd2a50000 - 0x00007ffdd2a68000 	D:\java\jdk\jdk-11.0.10\bin\jli.dll
0x00007ffdda830000 - 0x00007ffdda8dc000 	C:\WINDOWS\System32\ADVAPI32.dll
0x00007ffddb9e0000 - 0x00007ffddba7e000 	C:\WINDOWS\System32\msvcrt.dll
0x00007ffdda510000 - 0x00007ffdda5ab000 	C:\WINDOWS\System32\sechost.dll
0x00007ffddb0e0000 - 0x00007ffddb20b000 	C:\WINDOWS\System32\RPCRT4.dll
0x00007ffddbcb0000 - 0x00007ffddbe50000 	C:\WINDOWS\System32\USER32.dll
0x00007ffdd99b0000 - 0x00007ffdd99d2000 	C:\WINDOWS\System32\win32u.dll
0x00007ffdda3c0000 - 0x00007ffdda3ea000 	C:\WINDOWS\System32\GDI32.dll
0x00007ffdd95d0000 - 0x00007ffdd96db000 	C:\WINDOWS\System32\gdi32full.dll
0x00007ffdd9a10000 - 0x00007ffdd9aad000 	C:\WINDOWS\System32\msvcp_win.dll
0x00007ffdc0120000 - 0x00007ffdc03ba000 	C:\WINDOWS\WinSxS\amd64_microsoft.windows.common-controls_6595b64144ccf1df_6.0.19041.844_none_ca00b6081b84eb1d\COMCTL32.dll
0x00007ffdd9160000 - 0x00007ffdd916a000 	C:\WINDOWS\SYSTEM32\VERSION.dll
0x00007ffdda620000 - 0x00007ffdda650000 	C:\WINDOWS\System32\IMM32.DLL
0x00007ffdabe90000 - 0x00007ffdabf2b000 	D:\java\jdk\jdk-11.0.10\bin\msvcp140.dll
0x00007ffd8f550000 - 0x00007ffd9004b000 	D:\java\jdk\jdk-11.0.10\bin\server\jvm.dll
0x00007ffdda610000 - 0x00007ffdda618000 	C:\WINDOWS\System32\PSAPI.DLL
0x00007ffdcb8e0000 - 0x00007ffdcb907000 	C:\WINDOWS\SYSTEM32\WINMM.dll
0x00007ffdd2a00000 - 0x00007ffdd2a09000 	C:\WINDOWS\SYSTEM32\WSOCK32.dll
0x00007ffddb970000 - 0x00007ffddb9db000 	C:\WINDOWS\System32\WS2_32.dll
0x00007ffdd7e30000 - 0x00007ffdd7e42000 	C:\WINDOWS\SYSTEM32\kernel.appcore.dll
0x00007ffdd4500000 - 0x00007ffdd4510000 	D:\java\jdk\jdk-11.0.10\bin\verify.dll
0x00007ffdd7b60000 - 0x00007ffdd7d44000 	C:\WINDOWS\SYSTEM32\DBGHELP.DLL
0x00007ffdc19a0000 - 0x00007ffdc19cc000 	C:\WINDOWS\SYSTEM32\dbgcore.DLL
0x00007ffdd9e70000 - 0x00007ffdd9ef0000 	C:\WINDOWS\System32\bcryptPrimitives.dll
0x00007ffdd2a20000 - 0x00007ffdd2a48000 	D:\java\jdk\jdk-11.0.10\bin\java.dll
0x00007ffdd44e0000 - 0x00007ffdd44ea000 	D:\java\jdk\jdk-11.0.10\bin\jimage.dll
0x00007ffdb9940000 - 0x00007ffdb9978000 	D:\java\jdk\jdk-11.0.10\bin\jdwp.dll
0x00007ffdd2ab0000 - 0x00007ffdd2abe000 	D:\java\jdk\jdk-11.0.10\bin\instrument.dll
0x00007ffdc3d20000 - 0x00007ffdc3d36000 	D:\java\jdk\jdk-11.0.10\bin\zip.dll
0x00007ffddb210000 - 0x00007ffddb952000 	C:\WINDOWS\System32\SHELL32.dll
0x00007ffdd72f0000 - 0x00007ffdd7a81000 	C:\WINDOWS\SYSTEM32\windows.storage.dll
0x00007ffddac30000 - 0x00007ffddaf85000 	C:\WINDOWS\System32\combase.dll
0x00007ffdd8fd0000 - 0x00007ffdd8ffc000 	C:\WINDOWS\SYSTEM32\Wldp.dll
0x00007ffddba80000 - 0x00007ffddbb2e000 	C:\WINDOWS\System32\SHCORE.dll
0x00007ffdda4b0000 - 0x00007ffdda505000 	C:\WINDOWS\System32\shlwapi.dll
0x00007ffdd9510000 - 0x00007ffdd952f000 	C:\WINDOWS\SYSTEM32\profapi.dll
0x00007ffdd2a10000 - 0x00007ffdd2a1a000 	D:\java\jdk\jdk-11.0.10\bin\dt_socket.dll
0x00007ffdd8d40000 - 0x00007ffdd8daa000 	C:\WINDOWS\system32\mswsock.dll
0x00007ffdb7780000 - 0x00007ffdb7799000 	D:\java\jdk\jdk-11.0.10\bin\net.dll
0x00007ffdc9b70000 - 0x00007ffdc9c7b000 	C:\WINDOWS\SYSTEM32\WINHTTP.dll
0x00007ffdb6ce0000 - 0x00007ffdb6cf2000 	D:\java\jdk\jdk-11.0.10\bin\nio.dll
0x00007ffdd8f10000 - 0x00007ffdd8f28000 	C:\WINDOWS\SYSTEM32\CRYPTSP.dll
0x00007ffdd8670000 - 0x00007ffdd86a4000 	C:\WINDOWS\system32\rsaenh.dll
0x00007ffdd99e0000 - 0x00007ffdd9a07000 	C:\WINDOWS\System32\bcrypt.dll
0x00007ffdd94d0000 - 0x00007ffdd94fe000 	C:\WINDOWS\SYSTEM32\USERENV.dll
0x00007ffdd8f30000 - 0x00007ffdd8f3c000 	C:\WINDOWS\SYSTEM32\CRYPTBASE.dll
0x00007ffdd89e0000 - 0x00007ffdd8a1b000 	C:\WINDOWS\SYSTEM32\IPHLPAPI.DLL
0x00007ffddb960000 - 0x00007ffddb968000 	C:\WINDOWS\System32\NSI.dll
0x00007ffdce4e0000 - 0x00007ffdce4f7000 	C:\WINDOWS\SYSTEM32\dhcpcsvc6.DLL
0x00007ffdce430000 - 0x00007ffdce44d000 	C:\WINDOWS\SYSTEM32\dhcpcsvc.DLL
0x00007ffdd8a30000 - 0x00007ffdd8afc000 	C:\WINDOWS\SYSTEM32\DNSAPI.dll
0x000000006e740000 - 0x000000006fda5000 	C:\Users\10275\AppData\Local\Temp\xuggle\xuggle9675601431052873861.dll
0x00007ffdda700000 - 0x00007ffdda82a000 	C:\WINDOWS\System32\ole32.dll
0x00007ffdbc8b0000 - 0x00007ffdbc8c9000 	C:\WINDOWS\SYSTEM32\AVICAP32.dll
0x00007ffdb7110000 - 0x00007ffdb713b000 	C:\WINDOWS\SYSTEM32\MSVFW32.dll

dbghelp: loaded successfully - version: 4.0.5 - missing functions: none
symbol engine: initialized successfully - sym options: 0x614 - pdb path: .;D:\java\jdk\jdk-11.0.10\bin;C:\WINDOWS\SYSTEM32;C:\WINDOWS\WinSxS\amd64_microsoft.windows.common-controls_6595b64144ccf1df_6.0.19041.844_none_ca00b6081b84eb1d;D:\java\jdk\jdk-11.0.10\bin\server;C:\Users\10275\AppData\Local\Temp\xuggle

VM Arguments:
jvm_args: -agentlib:jdwp=transport=dt_socket,address=127.0.0.1:4422,suspend=y,server=n -javaagent:D:\java\IntelliJ-IDEA-2020.1\plugins\java\lib\rt\debugger-agent.jar -Dfile.encoding=UTF-8 
java_command: com.itblare.itools.Test
java_class_path (initial): D:\projectRepository\Common_Tools\target\classes;D:\java\maven\.m2\repository\com\qcloud\cos_api\5.6.37\cos_api-5.6.37.jar;D:\java\maven\.m2\repository\org\apache\httpcomponents\httpclient\4.5.3\httpclient-4.5.3.jar;D:\java\maven\.m2\repository\org\slf4j\slf4j-api\1.7.26\slf4j-api-1.7.26.jar;D:\java\maven\.m2\repository\commons-codec\commons-codec\1.10\commons-codec-1.10.jar;D:\java\maven\.m2\repository\joda-time\joda-time\2.9.9\joda-time-2.9.9.jar;D:\java\maven\.m2\repository\com\fasterxml\jackson\core\jackson-databind\2.12.1\jackson-databind-2.12.1.jar;D:\java\maven\.m2\repository\com\tencentcloudapi\tencentcloud-sdk-java-kms\3.1.213\tencentcloud-sdk-java-kms-3.1.213.jar;D:\java\maven\.m2\repository\com\tencentcloudapi\tencentcloud-sdk-java-common\3.1.213\tencentcloud-sdk-java-common-3.1.213.jar;D:\java\maven\.m2\repository\log4j\log4j\1.2.17\log4j-1.2.17.jar;D:\java\maven\.m2\repository\org\bouncycastle\bcprov-jdk15on\1.64\bcprov-jdk15on-1.64.jar;D:\java\maven\.m2\repository\com\tencentcloudapi\tencentcloud-sdk-java\3.1.228\tencentcloud-sdk-java-3.1.228.jar;D:\java\maven\.m2\repository\commons-logging\commons-logging\1.2\commons-logging-1.2.jar;D:\java\maven\.m2\repository\com\squareup\okio\okio\1.12.0\okio-1.12.0.jar;D:\java\maven\.m2\repository\com\squareup\okhttp\okhttp\2.5.0\okhttp-2.5.0.jar;D:\java\maven\.m2\repository\com\google\code\gson\gson\2.2.4\gson-2.2.4.jar;D:\java\maven\.m2\repository\javax\xml\bind\jaxb-api\2.3.0\jaxb-api-2.3.0.jar;D:\java\maven\.m2\repository\com\squareup\okhttp\logging-interceptor\2.7.5\logging-interceptor-2.7.5.jar;D:\java\maven\.m2\repository\com\qiniu\qiniu-java-sdk\7.4.0\qiniu-java-sdk-7.4.0.jar;D:\java\maven\.m2\repository\com\aliyun\oss\aliyun-sdk-oss\3.12.0\aliyun-sdk-oss-3.12.0.jar;D:\java\maven\.m2\repository\org\jdom\jdom2\2.0.6\jdom2-2.0.6.jar;D:\java\maven\.m2\repository\org\codehaus\jettison\jettison\1.1\jettison-1.1.jar;D:\java\maven\.m2\repository\stax\stax-api\1.0.1\stax-api-1.0.1.jar;
Launcher Type: SUN_STANDARD

[Global flags]
     intx CICompilerCount                          = 4                                         {product} {ergonomic}
     uint ConcGCThreads                            = 2                                         {product} {ergonomic}
     uint G1ConcRefinementThreads                  = 8                                         {product} {ergonomic}
   size_t G1HeapRegionSize                         = 1048576                                   {product} {ergonomic}
    uintx GCDrainStackTargetSize                   = 64                                        {product} {ergonomic}
   size_t InitialHeapSize                          = 268435456                                 {product} {ergonomic}
   size_t MarkStackSize                            = 4194304                                   {product} {ergonomic}
   size_t MaxHeapSize                              = 4282384384                                {product} {ergonomic}
   size_t MaxNewSize                               = 2569011200                                {product} {ergonomic}
   size_t MinHeapDeltaBytes                        = 1048576                                   {product} {ergonomic}
    uintx NonNMethodCodeHeapSize                   = 5836300                                {pd product} {ergonomic}
    uintx NonProfiledCodeHeapSize                  = 122910970                              {pd product} {ergonomic}
    uintx ProfiledCodeHeapSize                     = 122910970                              {pd product} {ergonomic}
    uintx ReservedCodeCacheSize                    = 251658240                              {pd product} {ergonomic}
     bool SegmentedCodeCache                       = true                                      {product} {ergonomic}
     bool UseCompressedClassPointers               = true                                 {lp64_product} {ergonomic}
     bool UseCompressedOops                        = true                                 {lp64_product} {ergonomic}
     bool UseG1GC                                  = true                                      {product} {ergonomic}
     bool UseLargePagesIndividualAllocation        = false                                  {pd product} {ergonomic}

Logging:
Log output configuration:
 #0: stdout all=warning uptime,level,tags
 #1: stderr all=off uptime,level,tags

Environment Variables:
JAVA_HOME=D:\java\jdk\jdk-11.0.10
CLASSPATH=.;D:\java\jdk\jdk-11.0.10\lib;D:\java\jdk\jdk-11.0.10\lib\tools.jar
PATH=D:\Program Files (x86)\VMware\VMware Workstation\bin\;D:\Program Files (x86)\NetSarang\Xftp 6\;D:\Program Files (x86)\NetSarang\Xshell 6\;C:\Program Files (x86)\Intel\iCLS Client\;C:\Program Files\Intel\iCLS Client\;C:\windows\system32;C:\windows;C:\windows\System32\Wbem;C:\windows\System32\WindowsPowerShell\v1.0\;C:\Program Files (x86)\Intel\Intel(R) Management Engine Components\DAL;C:\Program Files\Intel\Intel(R) Management Engine Components\DAL;C:\Program Files (x86)\Intel\Intel(R) Management Engine Components\IPT;C:\Program Files\Intel\Intel(R) Management Engine Components\IPT;C:\Program Files (x86)\NVIDIA Corporation\PhysX\Common;C:\WINDOWS\system32;C:\WINDOWS;C:\WINDOWS\System32\Wbem;C:\WINDOWS\System32\WindowsPowerShell\v1.0\;C:\WINDOWS\System32\OpenSSH\;D:\java\nodejs\node-v12.16.1-win-x64;D:\java\nodejs\node-v12.16.1-win-x64\node_modules;D:\java\nodejs\node-v12.16.1-win-x64\node_global;%REDIS_HOME%;C:\Users\10275\AppData\Local\Microsoft\WindowsApps;D:\java\jdk\jdk-11.0.10\jre\bin;D:\java\jdk\jdk-11.0.10\bin;D:\java\gradle\gradle-6.2.2\bin;D:\java\gradle\.gradle;D:\java\Git\bin;D:\java\mysql\mysql-5.7.21-winx64\bin;D:\java\maven\apache-maven-3.6.3\bin;D:\java\nodejs\node-v12.16.1-win-x64;D:\java\nodejs\node-v12.16.1-win-x64\node_global;D:\java\nodejs\node-v12.16.1-win-x64\node_modules;D:\java\Redis\Redis-x64-5.0.10;C:\Users\10275\AppData\Local\atom\bin;D:\Program Files (x86)\evernote2md;
USERNAME=10275
OS=Windows_NT
PROCESSOR_IDENTIFIER=Intel64 Family 6 Model 158 Stepping 9, GenuineIntel



---------------  S Y S T E M  ---------------

OS: Windows 10 , 64 bit Build 19041 (10.0.19041.928)

CPU:total 8 (initial active 8) (4 cores per cpu, 2 threads per core) family 6 model 158 stepping 9 microcode 0xb4, cmov, cx8, fxsr, mmx, sse, sse2, sse3, ssse3, sse4.1, sse4.2, popcnt, avx, avx2, aes, clmul, erms, 3dnowpref, lzcnt, ht, tsc, tscinvbit, bmi1, bmi2, adx, fma

Memory: 4k page, system-wide physical 16334M (6599M free)
TotalPageFile size 24270M (AvailPageFile size 9492M)
current process WorkingSet (physical memory assigned to process): 90M, peak: 91M
current process commit charge ("private bytes"): 363M, peak: 366M

vm_info: Java HotSpot(TM) 64-Bit Server VM (11.0.10+8-LTS-162) for windows-amd64 JRE (11.0.10+8-LTS-162), built on Dec  8 2020 16:32:57 by "mach5one" with MS VC++ 15.9 (VS2017)

END.
